# JRE version: Java(TM) SE Runtime Environment (8.0_131-b11) (build 1.8.0_131-b11)
# Java VM: Java HotSpot(TM) 64-Bit Server VM (25.131-b11 mixed mode windows-amd64 compressed oops)
Heap:
 PSYoungGen      total 71680K, used 6494K [0x0000000770400000, 0x0000000775400000, 0x00000007c0000000)
  eden space 61440K, 0% used [0x0000000770400000,0x0000000770400000,0x0000000774000000)
  from space 10240K, 63% used [0x0000000774000000,0x00000007746578b8,0x0000000774a00000)
  to   space 10240K, 0% used [0x0000000774a00000,0x0000000774a00000,0x0000000775400000)
 ParOldGen       total 163840K, used 32K [0x00000006d0c00000, 0x00000006dac00000, 0x0000000770400000)
  object space 163840K, 0% used [0x00000006d0c00000,0x00000006d0c08000,0x00000006dac00000)
 Metaspace       used 20514K, capacity 21240K, committed 21296K, reserved 1067008K
  class space    used 2576K, capacity 2860K, committed 2864K, reserved 1048576K
GC Heap History (7 events):
Event: 12.736 GC heap before
{Heap before GC invocations=1 (full 0):
 PSYoungGen      total 71680K, used 61440K [0x0000000770400000, 0x0000000775400000, 0x00000007c0000000)
  eden space 61440K, 100% used [0x0000000770400000,0x0000000774000000,0x0000000774000000)
  from space 10240K, 0% used [0x0000000774a00000,0x0000000774a00000,0x0000000775400000)
  to   space 10240K, 0% used [0x0000000774000000,0x0000000774000000,0x0000000774a00000)
 ParOldGen       total 163840K, used 0K [0x00000006d0c00000, 0x00000006dac00000, 0x0000000770400000)
  object space 163840K, 0% used [0x00000006d0c00000,0x00000006d0c00000,0x00000006dac00000)
 Metaspace       used 11168K, capacity 11528K, committed 11776K, reserved 1058816K
  class space    used 1320K, capacity 1436K, committed 1536K, reserved 1048576K
Event: 12.755 GC heap after
Heap after GC invocations=1 (full 0):
 PSYoungGen      total 71680K, used 6618K [0x0000000770400000, 0x0000000775400000, 0x00000007c0000000)
  eden space 61440K, 0% used [0x0000000770400000,0x0000000770400000,0x0000000774000000)
  from space 10240K, 64% used [0x0000000774000000,0x0000000774676850,0x0000000774a00000)
  to   space 10240K, 0% used [0x0000000774a00000,0x0000000774a00000,0x0000000775400000)
 ParOldGen       total 163840K, used 16K [0x00000006d0c00000, 0x00000006dac00000, 0x0000000770400000)
  object space 163840K, 0% used [0x00000006d0c00000,0x00000006d0c04000,0x00000006dac00000)
 Metaspace       used 11168K, capacity 11528K, committed 11776K, reserved 1058816K
  class space    used 1320K, capacity 1436K, committed 1536K, reserved 1048576K
}
Event: 14.235 GC heap before
{Heap before GC invocations=2 (full 0):
 PSYoungGen      total 71680K, used 68058K [0x0000000770400000, 0x0000000775400000, 0x00000007c0000000)
  eden space 61440K, 100% used [0x0000000770400000,0x0000000774000000,0x0000000774000000)
  from space 10240K, 64% used [0x0000000774000000,0x0000000774676850,0x0000000774a00000)
  to   space 10240K, 0% used [0x0000000774a00000,0x0000000774a00000,0x0000000775400000)
 ParOldGen       total 163840K, used 16K [0x00000006d0c00000, 0x00000006dac00000, 0x0000000770400000)
  object space 163840K, 0% used [0x00000006d0c00000,0x00000006d0c04000,0x00000006dac00000)
 Metaspace       used 18306K, capacity 18896K, committed 19200K, reserved 1067008K
  class space    used 2261K, capacity 2472K, committed 2560K, reserved 1048576K
Event: 14.251 GC heap after
Heap after GC invocations=2 (full 0):
 PSYoungGen      total 71680K, used 8775K [0x0000000770400000, 0x0000000775400000, 0x00000007c0000000)
  eden space 61440K, 0% used [0x0000000770400000,0x0000000770400000,0x0000000774000000)
  from space 10240K, 85% used [0x0000000774a00000,0x0000000775291f90,0x0000000775400000)
  to   space 10240K, 0% used [0x0000000774000000,0x0000000774000000,0x0000000774a00000)
 ParOldGen       total 163840K, used 24K [0x00000006d0c00000, 0x00000006dac00000, 0x0000000770400000)
  object space 163840K, 0% used [0x00000006d0c00000,0x00000006d0c06000,0x00000006dac00000)
 Metaspace       used 18306K, capacity 18896K, committed 19200K, reserved 1067008K
  class space    used 2261K, capacity 2472K, committed 2560K, reserved 1048576K
}
Event: 14.823 GC heap before
{Heap before GC invocations=3 (full 0):
 PSYoungGen      total 71680K, used 31992K [0x0000000770400000, 0x0000000775400000, 0x00000007c0000000)
  eden space 61440K, 37% used [0x0000000770400000,0x0000000771aac2d8,0x0000000774000000)
  from space 10240K, 85% used [0x0000000774a00000,0x0000000775291f90,0x0000000775400000)
  to   space 10240K, 0% used [0x0000000774000000,0x0000000774000000,0x0000000774a00000)
 ParOldGen       total 163840K, used 24K [0x00000006d0c00000, 0x00000006dac00000, 0x0000000770400000)
  object space 163840K, 0% used [0x00000006d0c00000,0x00000006d0c06000,0x00000006dac00000)
 Metaspace       used 20514K, capacity 21240K, committed 21296K, reserved 1067008K
  class space    used 2576K, capacity 2860K, committed 2864K, reserved 1048576K
Event: 14.832 GC heap after
Heap after GC invocations=3 (full 0):
 PSYoungGen      total 71680K, used 6494K [0x0000000770400000, 0x0000000775400000, 0x00000007c0000000)
  eden space 61440K, 0% used [0x0000000770400000,0x0000000770400000,0x0000000774000000)
  from space 10240K, 63% used [0x0000000774000000,0x00000007746578b8,0x0000000774a00000)
  to   space 10240K, 0% used [0x0000000774a00000,0x0000000774a00000,0x0000000775400000)
 ParOldGen       total 163840K, used 32K [0x00000006d0c00000, 0x00000006dac00000, 0x0000000770400000)
  object space 163840K, 0% used [0x00000006d0c00000,0x00000006d0c08000,0x00000006dac00000)
 Metaspace       used 20514K, capacity 21240K, committed 21296K, reserved 1067008K
  class space    used 2576K, capacity 2860K, committed 2864K, reserved 1048576K
}
Event: 14.832 GC heap before
{Heap before GC invocations=4 (full 1):
 PSYoungGen      total 71680K, used 6494K [0x0000000770400000, 0x0000000775400000, 0x00000007c0000000)
  eden space 61440K, 0% used [0x0000000770400000,0x0000000770400000,0x0000000774000000)
  from space 10240K, 63% used [0x0000000774000000,0x00000007746578b8,0x0000000774a00000)
  to   space 10240K, 0% used [0x0000000774a00000,0x0000000774a00000,0x0000000775400000)
 ParOldGen       total 163840K, used 32K [0x00000006d0c00000, 0x00000006dac00000, 0x0000000770400000)
  object space 163840K, 0% used [0x00000006d0c00000,0x00000006d0c08000,0x00000006dac00000)
 Metaspace       used 20514K, capacity 21240K, committed 21296K, reserved 1067008K
  class space    used 2576K, capacity 2860K, committed 2864K, reserved 1048576K

